<?xml version="1.0" encoding="UTF-8"?>
<testng-results ignored="0" total="1" passed="1" failed="0" skipped="0">
  <reporter-output>
  </reporter-output>
  <suite started-at="2020-05-29T13:46:13Z" name="Surefire suite" finished-at="2020-05-29T13:46:27Z" duration-ms="13747">
    <groups>
    </groups>
    <test started-at="2020-05-29T13:46:13Z" name="Surefire test" finished-at="2020-05-29T13:46:27Z" duration-ms="13747">
      <class name="test.AppTest">
        <test-method signature="login()[pri:0, instance:test.AppTest@50eac852]" started-at="2020-05-29T13:46:13Z" name="login" finished-at="2020-05-29T13:46:27Z" duration-ms="13720" status="PASS">
          <reporter-output>
          </reporter-output>
        </test-method> <!-- login -->
      </class> <!-- test.AppTest -->
    </test> <!-- Surefire test -->
  </suite> <!-- Surefire suite -->
</testng-results>
